<?xml version="1.0" encoding="UTF-8"?>
<testng-results ignored="0" total="3" passed="3" failed="0" skipped="0">
  <reporter-output>
  </reporter-output>
  <suite started-at="2025-05-12T19:59:32 IST" name="ParaBank Test Suite" finished-at="2025-05-12T19:59:57 IST" duration-ms="25254">
    <groups>
    </groups>
    <test started-at="2025-05-12T19:59:32 IST" name="ParaBank Functional Tests" finished-at="2025-05-12T19:59:57 IST" duration-ms="25254">
      <class name="testClasses.TC_Login_Home_Page">
        <test-method is-config="true" signature="setup()[pri:0, instance:testClasses.TC_Login_Home_Page@8f4ea7c]" started-at="2025-05-12T19:59:40 IST" name="setup" finished-at="2025-05-12T19:59:42 IST" duration-ms="1814" status="PASS">
          <reporter-output>
          </reporter-output>
        </test-method> <!-- setup -->
        <test-method signature="login()[pri:0, instance:testClasses.TC_Login_Home_Page@8f4ea7c]" started-at="2025-05-12T19:59:42 IST" name="login" finished-at="2025-05-12T19:59:47 IST" duration-ms="4962" status="PASS">
          <reporter-output>
          </reporter-output>
        </test-method> <!-- login -->
        <test-method is-config="true" signature="tearDown()[pri:0, instance:testClasses.TC_Login_Home_Page@8f4ea7c]" started-at="2025-05-12T19:59:47 IST" name="tearDown" finished-at="2025-05-12T19:59:47 IST" duration-ms="92" status="PASS">
          <reporter-output>
          </reporter-output>
        </test-method> <!-- tearDown -->
      </class> <!-- testClasses.TC_Login_Home_Page -->
      <class name="testClasses.TC_RegisterAccount">
        <test-method is-config="true" signature="setup()[pri:0, instance:testClasses.TC_RegisterAccount@7e07db1f]" started-at="2025-05-12T19:59:32 IST" name="setup" finished-at="2025-05-12T19:59:38 IST" duration-ms="5782" status="PASS">
          <reporter-output>
          </reporter-output>
        </test-method> <!-- setup -->
        <test-method signature="regsiterAccount()[pri:0, instance:testClasses.TC_RegisterAccount@7e07db1f]" started-at="2025-05-12T19:59:38 IST" name="regsiterAccount" finished-at="2025-05-12T19:59:40 IST" duration-ms="1753" status="PASS">
          <reporter-output>
          </reporter-output>
        </test-method> <!-- regsiterAccount -->
        <test-method is-config="true" signature="tearDown()[pri:0, instance:testClasses.TC_RegisterAccount@7e07db1f]" started-at="2025-05-12T19:59:40 IST" name="tearDown" finished-at="2025-05-12T19:59:40 IST" duration-ms="92" status="PASS">
          <reporter-output>
          </reporter-output>
        </test-method> <!-- tearDown -->
      </class> <!-- testClasses.TC_RegisterAccount -->
      <class name="testClasses.TC_AccountsOverView">
        <test-method is-config="true" signature="setup()[pri:0, instance:testClasses.TC_AccountsOverView@436813f3]" started-at="2025-05-12T19:59:47 IST" name="setup" finished-at="2025-05-12T19:59:51 IST" duration-ms="3886" status="PASS">
          <reporter-output>
          </reporter-output>
        </test-method> <!-- setup -->
        <test-method signature="accountOverview()[pri:0, instance:testClasses.TC_AccountsOverView@436813f3]" started-at="2025-05-12T19:59:51 IST" name="accountOverview" finished-at="2025-05-12T19:59:57 IST" duration-ms="6399" status="PASS">
          <reporter-output>
          </reporter-output>
        </test-method> <!-- accountOverview -->
        <test-method is-config="true" signature="tearDown()[pri:0, instance:testClasses.TC_AccountsOverView@436813f3]" started-at="2025-05-12T19:59:57 IST" name="tearDown" finished-at="2025-05-12T19:59:57 IST" duration-ms="91" status="PASS">
          <reporter-output>
          </reporter-output>
        </test-method> <!-- tearDown -->
      </class> <!-- testClasses.TC_AccountsOverView -->
    </test> <!-- ParaBank Functional Tests -->
  </suite> <!-- ParaBank Test Suite -->
</testng-results>
