<?xml version="1.0" encoding="UTF-8"?>
<!-- Generated by org.testng.reporters.JUnitXMLReporter -->
<testsuite ignored="0" hostname="Arnabs-MacBook-Air.local" failures="0" tests="3" name="ParaBank Functional Tests" time="25.254" errors="0" timestamp="2025-05-12T19:59:58 IST">
  <testcase classname="testClasses.TC_RegisterAccount" name="regsiterAccount" time="1.753"/>
  <testcase classname="testClasses.TC_Login_Home_Page" name="login" time="4.962"/>
  <testcase classname="testClasses.TC_AccountsOverView" name="accountOverview" time="6.399"/>
</testsuite> <!-- ParaBank Functional Tests -->
